SEGGER J-Link Commander V8.10 (Compiled Sep 26 2024 08:38:41)
DLL version V8.10, compiled Sep 26 2024 08:37:48


J-Link Command File read successfully.
Processing script file...
J-Link>si 1
J-Link connection not established yet but required for command.
Connecting to J-Link via USB...O.K.
Firmware: J-Link OB-SAM3U128 V3 compiled Sep 18 2024 15:45:39
Hardware version: V3.00
J-Link uptime (since boot): 0d 00h 08m 53s
S/N: 483136583
USB speed mode: High speed (480 MBit/s)
VTref=3.300V
Selecting SWD as current target interface.
J-Link>speed auto
Selecting auto as target interface speed
J-Link>r
Target connection not established yet but required for command.
Device "PIC32CX2051MTG" selected.


Connecting to target via SWD
ConfigTargetSettings() start
J-Link script: ConfigTargetSettings()
ConfigTargetSettings() end - Took 17us
Found SW-DP with ID 0x2BA01477
DPIDR: 0x2BA01477
CoreSight SoC-400 or earlier
AP map detection skipped. Manually configured AP map found.
AP[0]: AHB-AP (IDR: Not set, ADDR: 0x00000000)
AP[1]: AHB-AP (IDR: Not set, ADDR: 0x00000000)
AP[0]: Core found
AP[0]: AHB-AP ROM base: 0xE00FF000
CPUID register: 0x410FC241. Implementer code: 0x41 (ARM)
Found Cortex-M4 r0p1, Little endian.
FPUnit: 6 code (BP) slots and 2 literal slots
CoreSight components:
ROMTbl[0] @ E00FF000
[0][0]: E000E000 CID B105E00D PID 000BB00C SCS-M7
[0][1]: E0001000 CID B105E00D PID 003BB002 DWT
[0][2]: E0002000 CID B105E00D PID 002BB003 FPB
[0][3]: E0000000 CID B105E00D PID 003BB001 ITM
[0][4]: E0040000 CID B105900D PID 000BB9A1 TPIU
Memory zones:
  Zone: "Default" Description: Default access mode
Cortex-M4 identified.
Reset delay: 0 ms
Reset type NORMAL: Resets core & peripherals via SYSRESETREQ & VECTRESET bit.
ResetTarget() start
Reset core and peripherals via RSTC register
ResetTarget() end - Took 16.6ms
J-Link>h
PC = 010007A4, CycleCnt = 00000000
R0 = 46008000, R1 = 00000000, R2 = 00000010, R3 = 45464310
R4 = 01000000, R5 = 010007A5, R6 = 00003347, R7 = 00000000
R8 = 00000000, R9 = 00000000, R10= 00000000, R11= 00000000
R12= 000030E3
SP(R13)= 2007FFF8, MSP= 2007FFF8, PSP= 00000000, R14(LR) = 2001A2F3
XPSR = 41000000: APSR = nZcvq, EPSR = 01000000, IPSR = 000 (NoException)
CFBP = 00000000, CONTROL = 00, FAULTMASK = 00, BASEPRI = 00, PRIMASK = 00

FPS0 = 00000000, FPS1 = 00000000, FPS2 = 00000000, FPS3 = 00000000
FPS4 = 00000000, FPS5 = 00000000, FPS6 = 00000000, FPS7 = 00000000
FPS8 = 00000000, FPS9 = 00000000, FPS10= 00000000, FPS11= 00000000
FPS12= 00000000, FPS13= 00000000, FPS14= 00000000, FPS15= 00000000
FPS16= 00000000, FPS17= 00000000, FPS18= 00000000, FPS19= 00000000
FPS20= 00000000, FPS21= 00000000, FPS22= 00000000, FPS23= 00000000
FPS24= 00000000, FPS25= 00000000, FPS26= 00000000, FPS27= 00000000
FPS28= 00000000, FPS29= 00000000, FPS30= 00000000, FPS31= 00000000
FPSCR= 00000000
J-Link>loadbin C:/WORK/Harmony_Workspace/smartenergy/driver/plcPhy/src/bin/PLC_PHY_PRIME_2CHN.bin,0x10B8000
'loadbin': Performing implicit reset & halt of MCU.
ResetTarget() start
Reset core and peripherals via RSTC register
ResetTarget() end - Took 13.4ms
Downloading file [C:/WORK/Harmony_Workspace/smartenergy/driver/plcPhy/src/bin/PLC_PHY_PRIME_2CHN.bin]...
J-Link: Flash download: Bank 0 @ 0x01000000: Skipped. Contents already match
O.K.
J-Link>W4 460E0004,5a00050B
Writing 5A00050B -> 460E0004
J-Link>W4 460E0004,5a00060B
Writing 5A00060B -> 460E0004
J-Link>r
Reset delay: 0 ms
Reset type NORMAL: Resets core & peripherals via SYSRESETREQ & VECTRESET bit.
ResetTarget() start
Reset core and peripherals via RSTC register
ResetTarget() end - Took 11.7ms
J-Link>g
Memory map 'after startup completion point' is active
J-Link>qc

Script processing completed.

